2025-02-20T09:00:16.169Z - GET /
2025-02-20T09:00:16.188Z - GET /favicon.ico
2025-02-20T09:01:16.692Z - GET /
2025-02-20T09:01:57.702Z - GET /articles
2025-02-20T09:02:03.897Z - POST /articles
2025-02-20T09:41:26.429Z - GET /articles
2025-02-20T09:41:34.286Z - POST /articles
2025-02-20T09:42:33.111Z - POST /articles
2025-02-20T09:43:18.779Z - POST /articles
2025-02-20T09:45:12.881Z - POST /articles
2025-02-20T09:45:48.093Z - POST /articles
2025-02-20T09:47:18.011Z - POST /articles
2025-02-20T09:48:44.563Z - DELETE /articles/2
2025-02-20T09:49:18.364Z - PUT /articles/1
2025-02-20T09:53:55.788Z - GET /articles
2025-02-20T09:54:17.140Z - POST /articles
2025-02-20T09:54:50.020Z - DELETE /articles/1740044553112
2025-02-20T09:55:11.446Z - PUT /articles/6
2025-02-20T09:57:01.330Z - GET /articles
2025-02-20T09:59:07.913Z - GET /articles
2025-02-20T09:59:39.447Z - POST /articles
2025-02-20T09:59:56.781Z - DELETE /articles/3
2025-02-20T10:00:46.929Z - PUT /articles/6
